Content-Type: text/plain; charset="utf-8"
MIME-Version: 1.0
Content-Transfer-Encoding: 8bit
Subject: Password reset on 127.0.0.1:8000
From: webmaster@localhost
To: cpimoinuddin@gmail.com
Date: Sat, 16 May 2020 20:39:09 -0000
Message-ID: <158966154916.11408.6237614697304639502@DESKTOP-O717979>


You're receiving this email because you requested a password reset for your user account at 127.0.0.1:8000.

Please go to the following page and choose a new password:

http://127.0.0.1:8000/password-reset-confirm/MjM/5gk-51a9c72fb238d1250f73

Your username, in case you’ve forgotten: cpimoinuddin1

Thanks for using our site!

The 127.0.0.1:8000 team



-------------------------------------------------------------------------------
Content-Type: text/plain; charset="utf-8"
MIME-Version: 1.0
Content-Transfer-Encoding: 8bit
Subject: Password reset on 127.0.0.1:8000
From: webmaster@localhost
To: cpimoinuddin@gmail.com
Date: Sat, 16 May 2020 20:39:09 -0000
Message-ID: <158966154940.11408.5992089284708386689@DESKTOP-O717979>


You're receiving this email because you requested a password reset for your user account at 127.0.0.1:8000.

Please go to the following page and choose a new password:

http://127.0.0.1:8000/password-reset-confirm/MjU/5gk-b2fa007408ef7b918c08

Your username, in case you’ve forgotten: moin1

Thanks for using our site!

The 127.0.0.1:8000 team



-------------------------------------------------------------------------------
