Content-Type: text/plain; charset="utf-8"
MIME-Version: 1.0
Content-Transfer-Encoding: 8bit
Subject: Password reset on 127.0.0.1:8000
From: webmaster@localhost
To: cpimoinuddin@gmail.com
Date: Wed, 24 Jun 2020 09:11:01 -0000
Message-ID: <159298986123.8816.3591446710805414172@DESKTOP-O717979>


You're receiving this email because you requested a password reset for your user account at 127.0.0.1:8000.

Please go to the following page and choose a new password:

http://127.0.0.1:8000/password-reset-confirm/MjU/5hm-bf3f13f0d91855d7b9ab

Your username, in case you’ve forgotten: moin1

Thanks for using our site!

The 127.0.0.1:8000 team



-------------------------------------------------------------------------------
Content-Type: text/plain; charset="utf-8"
MIME-Version: 1.0
Content-Transfer-Encoding: 8bit
Subject: Password reset on 127.0.0.1:8000
From: webmaster@localhost
To: cpimoinuddin@gmail.com
Date: Wed, 24 Jun 2020 09:11:01 -0000
Message-ID: <159298986132.8816.8188014938333015851@DESKTOP-O717979>


You're receiving this email because you requested a password reset for your user account at 127.0.0.1:8000.

Please go to the following page and choose a new password:

http://127.0.0.1:8000/password-reset-confirm/Mjk/5hm-490935c1354916122415

Your username, in case you’ve forgotten: nihal

Thanks for using our site!

The 127.0.0.1:8000 team



-------------------------------------------------------------------------------
Content-Type: text/plain; charset="utf-8"
MIME-Version: 1.0
Content-Transfer-Encoding: 8bit
Subject: Password reset on 127.0.0.1:8000
From: webmaster@localhost
To: cpimoinuddin@gmail.com
Date: Wed, 24 Jun 2020 09:11:01 -0000
Message-ID: <159298986141.8816.3432275796284169767@DESKTOP-O717979>


You're receiving this email because you requested a password reset for your user account at 127.0.0.1:8000.

Please go to the following page and choose a new password:

http://127.0.0.1:8000/password-reset-confirm/MzU/5hm-2e00b2aa420fbfab987f

Your username, in case you’ve forgotten: yosuf

Thanks for using our site!

The 127.0.0.1:8000 team



-------------------------------------------------------------------------------
