Content-Type: text/plain; charset="utf-8"
MIME-Version: 1.0
Content-Transfer-Encoding: 8bit
Subject: Password reset on 127.0.0.1:8000
From: webmaster@localhost
To: cpimoinuddin@gmail.com
Date: Sat, 16 May 2020 20:43:07 -0000
Message-ID: <158966178771.13764.14839162713954978379@DESKTOP-O717979>


You're receiving this email because you requested a password reset for your user account at 127.0.0.1:8000.

Please go to the following page and choose a new password:

http://127.0.0.1:8000/password-reset-confirm/MTU/5gk-1f47fedb51b549f4a79a

Your username, in case you’ve forgotten: moin12

Thanks for using our site!

The 127.0.0.1:8000 team



-------------------------------------------------------------------------------
Content-Type: text/plain; charset="utf-8"
MIME-Version: 1.0
Content-Transfer-Encoding: 8bit
Subject: Password reset on 127.0.0.1:8000
From: webmaster@localhost
To: cpimoinuddin@gmail.com
Date: Sat, 16 May 2020 20:43:07 -0000
Message-ID: <158966178778.13764.6034607751996801221@DESKTOP-O717979>


You're receiving this email because you requested a password reset for your user account at 127.0.0.1:8000.

Please go to the following page and choose a new password:

http://127.0.0.1:8000/password-reset-confirm/MjQ/5gk-f1fe95f595a8de428f95

Your username, in case you’ve forgotten: cpi11

Thanks for using our site!

The 127.0.0.1:8000 team



-------------------------------------------------------------------------------
