Content-Type: text/plain; charset="utf-8"
MIME-Version: 1.0
Content-Transfer-Encoding: 8bit
Subject: Password reset on 127.0.0.1:8000
From: webmaster@localhost
To: cpimoinuddin@gmail.com
Date: Wed, 24 Jun 2020 06:49:16 -0000
Message-ID: <159298135640.3804.9960931601966440080@DESKTOP-O717979>


You're receiving this email because you requested a password reset for your user account at 127.0.0.1:8000.

Please go to the following page and choose a new password:

http://127.0.0.1:8000/password-reset-confirm/MjQ/5hm-8eeb35373f37c1459f73

Your username, in case you’ve forgotten: cpi11

Thanks for using our site!

The 127.0.0.1:8000 team



-------------------------------------------------------------------------------
Content-Type: text/plain; charset="utf-8"
MIME-Version: 1.0
Content-Transfer-Encoding: 8bit
Subject: Password reset on 127.0.0.1:8000
From: webmaster@localhost
To: cpimoinuddin@gmail.com
Date: Wed, 24 Jun 2020 06:49:16 -0000
Message-ID: <159298135658.3804.1945889483938346121@DESKTOP-O717979>


You're receiving this email because you requested a password reset for your user account at 127.0.0.1:8000.

Please go to the following page and choose a new password:

http://127.0.0.1:8000/password-reset-confirm/Mjg/5hm-e3be78b8a6fbb002a4e1

Your username, in case you’ve forgotten: sayed

Thanks for using our site!

The 127.0.0.1:8000 team



-------------------------------------------------------------------------------
Content-Type: text/plain; charset="utf-8"
MIME-Version: 1.0
Content-Transfer-Encoding: 8bit
Subject: Password reset on 127.0.0.1:8000
From: webmaster@localhost
To: cpimoinuddin@gmail.com
Date: Wed, 24 Jun 2020 06:49:16 -0000
Message-ID: <159298135669.3804.241548820651020916@DESKTOP-O717979>


You're receiving this email because you requested a password reset for your user account at 127.0.0.1:8000.

Please go to the following page and choose a new password:

http://127.0.0.1:8000/password-reset-confirm/MzQ/5hm-83ea9bd3943f42f74f85

Your username, in case you’ve forgotten: jamal

Thanks for using our site!

The 127.0.0.1:8000 team



-------------------------------------------------------------------------------
