Content-Type: text/plain; charset="utf-8"
MIME-Version: 1.0
Content-Transfer-Encoding: 8bit
Subject: Password reset on 127.0.0.1:8000
From: webmaster@localhost
To: cpimoinuddin@gmail.com
Date: Sat, 16 May 2020 20:19:58 -0000
Message-ID: <158966039843.11408.17128998876257622784@DESKTOP-O717979>


You're receiving this email because you requested a password reset for your user account at 127.0.0.1:8000.

Please go to the following page and choose a new password:

http://127.0.0.1:8000/password-reset-confirm/MTU/5gk-1f47fedb51b549f4a79a

Your username, in case you’ve forgotten: moin12

Thanks for using our site!

The 127.0.0.1:8000 team



-------------------------------------------------------------------------------
Content-Type: text/plain; charset="utf-8"
MIME-Version: 1.0
Content-Transfer-Encoding: 8bit
Subject: Password reset on 127.0.0.1:8000
From: webmaster@localhost
To: cpimoinuddin@gmail.com
Date: Sat, 16 May 2020 20:19:58 -0000
Message-ID: <158966039851.11408.341717068692656327@DESKTOP-O717979>


You're receiving this email because you requested a password reset for your user account at 127.0.0.1:8000.

Please go to the following page and choose a new password:

http://127.0.0.1:8000/password-reset-confirm/MjQ/5gk-f1fe95f595a8de428f95

Your username, in case you’ve forgotten: cpi11

Thanks for using our site!

The 127.0.0.1:8000 team



-------------------------------------------------------------------------------
Content-Type: text/plain; charset="utf-8"
MIME-Version: 1.0
Content-Transfer-Encoding: 8bit
Subject: Password reset on 127.0.0.1:8000
From: webmaster@localhost
To: cpimoinuddin@gmail.com
Date: Sat, 16 May 2020 20:19:58 -0000
Message-ID: <158966039867.11408.2249997600295957597@DESKTOP-O717979>


You're receiving this email because you requested a password reset for your user account at 127.0.0.1:8000.

Please go to the following page and choose a new password:

http://127.0.0.1:8000/password-reset-confirm/MjY/5gk-1eadfd3a8aae580817e1

Your username, in case you’ve forgotten: moin65

Thanks for using our site!

The 127.0.0.1:8000 team



-------------------------------------------------------------------------------
Content-Type: text/plain; charset="utf-8"
MIME-Version: 1.0
Content-Transfer-Encoding: 8bit
Subject: Password reset on 127.0.0.1:8000
From: webmaster@localhost
To: cpimoinuddin@gmail.com
Date: Sat, 16 May 2020 20:19:58 -0000
Message-ID: <158966039876.11408.9718588487123526268@DESKTOP-O717979>


You're receiving this email because you requested a password reset for your user account at 127.0.0.1:8000.

Please go to the following page and choose a new password:

http://127.0.0.1:8000/password-reset-confirm/Mjg/5gk-6974d03c1e63a1c06f80

Your username, in case you’ve forgotten: sayed

Thanks for using our site!

The 127.0.0.1:8000 team



-------------------------------------------------------------------------------
Content-Type: text/plain; charset="utf-8"
MIME-Version: 1.0
Content-Transfer-Encoding: 8bit
Subject: Password reset on 127.0.0.1:8000
From: webmaster@localhost
To: cpimoinuddin@gmail.com
Date: Sat, 16 May 2020 20:19:58 -0000
Message-ID: <158966039881.11408.12331838814640792350@DESKTOP-O717979>


You're receiving this email because you requested a password reset for your user account at 127.0.0.1:8000.

Please go to the following page and choose a new password:

http://127.0.0.1:8000/password-reset-confirm/MzA/5gk-fcf3dff38d44506369be

Your username, in case you’ve forgotten: saji

Thanks for using our site!

The 127.0.0.1:8000 team



-------------------------------------------------------------------------------
Content-Type: text/plain; charset="utf-8"
MIME-Version: 1.0
Content-Transfer-Encoding: 8bit
Subject: Password reset on 127.0.0.1:8000
From: webmaster@localhost
To: cpimoinuddin@gmail.com
Date: Sat, 16 May 2020 20:19:58 -0000
Message-ID: <158966039886.11408.11822315790829359836@DESKTOP-O717979>


You're receiving this email because you requested a password reset for your user account at 127.0.0.1:8000.

Please go to the following page and choose a new password:

http://127.0.0.1:8000/password-reset-confirm/MzQ/5gk-6e69cc75a49fd11403d4

Your username, in case you’ve forgotten: jamal

Thanks for using our site!

The 127.0.0.1:8000 team



-------------------------------------------------------------------------------
