Content-Type: text/plain; charset="utf-8"
MIME-Version: 1.0
Content-Transfer-Encoding: 8bit
Subject: Password reset on 127.0.0.1:8000
From: webmaster@localhost
To: cpimoinuddin@gmail.com
Date: Wed, 24 Jun 2020 09:11:01 -0000
Message-ID: <159298986111.8816.17033235441883232442@DESKTOP-O717979>


You're receiving this email because you requested a password reset for your user account at 127.0.0.1:8000.

Please go to the following page and choose a new password:

http://127.0.0.1:8000/password-reset-confirm/MQ/5hm-6f001f99fcbe723c703f

Your username, in case you’ve forgotten: moin

Thanks for using our site!

The 127.0.0.1:8000 team



-------------------------------------------------------------------------------
Content-Type: text/plain; charset="utf-8"
MIME-Version: 1.0
Content-Transfer-Encoding: 8bit
Subject: Password reset on 127.0.0.1:8000
From: webmaster@localhost
To: cpimoinuddin@gmail.com
Date: Wed, 24 Jun 2020 09:11:01 -0000
Message-ID: <159298986118.8816.3238000246881115846@DESKTOP-O717979>


You're receiving this email because you requested a password reset for your user account at 127.0.0.1:8000.

Please go to the following page and choose a new password:

http://127.0.0.1:8000/password-reset-confirm/MjM/5hm-d2cc73d1aef6c2a26ead

Your username, in case you’ve forgotten: cpimoinuddin1

Thanks for using our site!

The 127.0.0.1:8000 team



-------------------------------------------------------------------------------
Content-Type: text/plain; charset="utf-8"
MIME-Version: 1.0
Content-Transfer-Encoding: 8bit
Subject: Password reset on 127.0.0.1:8000
From: webmaster@localhost
To: cpimoinuddin@gmail.com
Date: Wed, 24 Jun 2020 09:11:01 -0000
Message-ID: <159298986128.8816.2966735942049786630@DESKTOP-O717979>


You're receiving this email because you requested a password reset for your user account at 127.0.0.1:8000.

Please go to the following page and choose a new password:

http://127.0.0.1:8000/password-reset-confirm/Mjc/5hm-5e9c7d0a370639ab4328

Your username, in case you’ve forgotten: abcd11

Thanks for using our site!

The 127.0.0.1:8000 team



-------------------------------------------------------------------------------
Content-Type: text/plain; charset="utf-8"
MIME-Version: 1.0
Content-Transfer-Encoding: 8bit
Subject: Password reset on 127.0.0.1:8000
From: webmaster@localhost
To: cpimoinuddin@gmail.com
Date: Wed, 24 Jun 2020 09:11:01 -0000
Message-ID: <159298986136.8816.14937741827631554674@DESKTOP-O717979>


You're receiving this email because you requested a password reset for your user account at 127.0.0.1:8000.

Please go to the following page and choose a new password:

http://127.0.0.1:8000/password-reset-confirm/MzE/5hm-9d6470ea23352a91c816

Your username, in case you’ve forgotten: rohim

Thanks for using our site!

The 127.0.0.1:8000 team



-------------------------------------------------------------------------------
