Content-Type: text/plain; charset="utf-8"
MIME-Version: 1.0
Content-Transfer-Encoding: 8bit
Subject: Password reset on 127.0.0.1:8000
From: webmaster@localhost
To: cpimoinuddin@gmail.com
Date: Wed, 24 Jun 2020 06:49:16 -0000
Message-ID: <159298135654.3804.11831536512430159822@DESKTOP-O717979>


You're receiving this email because you requested a password reset for your user account at 127.0.0.1:8000.

Please go to the following page and choose a new password:

http://127.0.0.1:8000/password-reset-confirm/Mjc/5hm-5e9c7d0a370639ab4328

Your username, in case you’ve forgotten: abcd11

Thanks for using our site!

The 127.0.0.1:8000 team



-------------------------------------------------------------------------------
Content-Type: text/plain; charset="utf-8"
MIME-Version: 1.0
Content-Transfer-Encoding: 8bit
Subject: Password reset on 127.0.0.1:8000
From: webmaster@localhost
To: cpimoinuddin@gmail.com
Date: Wed, 24 Jun 2020 06:49:16 -0000
Message-ID: <159298135665.3804.7374477606401336447@DESKTOP-O717979>


You're receiving this email because you requested a password reset for your user account at 127.0.0.1:8000.

Please go to the following page and choose a new password:

http://127.0.0.1:8000/password-reset-confirm/MzE/5hm-9d6470ea23352a91c816

Your username, in case you’ve forgotten: rohim

Thanks for using our site!

The 127.0.0.1:8000 team



-------------------------------------------------------------------------------
