Content-Type: text/plain; charset="utf-8"
MIME-Version: 1.0
Content-Transfer-Encoding: 8bit
Subject: Password reset on 127.0.0.1:8000
From: webmaster@localhost
To: cpimoinuddin@gmail.com
Date: Sat, 16 May 2020 20:39:09 -0000
Message-ID: <158966154905.11408.16515690180753670745@DESKTOP-O717979>


You're receiving this email because you requested a password reset for your user account at 127.0.0.1:8000.

Please go to the following page and choose a new password:

http://127.0.0.1:8000/password-reset-confirm/MQ/5gk-efe34bf24db31caeff0a

Your username, in case you’ve forgotten: moin

Thanks for using our site!

The 127.0.0.1:8000 team



-------------------------------------------------------------------------------
Content-Type: text/plain; charset="utf-8"
MIME-Version: 1.0
Content-Transfer-Encoding: 8bit
Subject: Password reset on 127.0.0.1:8000
From: webmaster@localhost
To: cpimoinuddin@gmail.com
Date: Sat, 16 May 2020 20:39:09 -0000
Message-ID: <158966154952.11408.9368039091695331006@DESKTOP-O717979>


You're receiving this email because you requested a password reset for your user account at 127.0.0.1:8000.

Please go to the following page and choose a new password:

http://127.0.0.1:8000/password-reset-confirm/Mjc/5gk-20d883aaa562014f2142

Your username, in case you’ve forgotten: abcd11

Thanks for using our site!

The 127.0.0.1:8000 team



-------------------------------------------------------------------------------
Content-Type: text/plain; charset="utf-8"
MIME-Version: 1.0
Content-Transfer-Encoding: 8bit
Subject: Password reset on 127.0.0.1:8000
From: webmaster@localhost
To: cpimoinuddin@gmail.com
Date: Sat, 16 May 2020 20:39:09 -0000
Message-ID: <158966154959.11408.8518777988609518321@DESKTOP-O717979>


You're receiving this email because you requested a password reset for your user account at 127.0.0.1:8000.

Please go to the following page and choose a new password:

http://127.0.0.1:8000/password-reset-confirm/Mjk/5gk-ad8421db3d8470b65943

Your username, in case you’ve forgotten: nihal

Thanks for using our site!

The 127.0.0.1:8000 team



-------------------------------------------------------------------------------
